#
# There is insufficient memory for the Java Runtime Environment to continue.
# Native memory allocation (malloc) failed to allocate 465712 bytes for Chunk::new
# Possible reasons:
#   The system is out of physical RAM or swap space
#   The process is running with CompressedOops enabled, and the Java Heap may be blocking the growth of the native heap
# Possible solutions:
#   Reduce memory load on the system
#   Increase physical memory or swap space
#   Check if swap backing store is full
#   Decrease Java heap size (-Xmx/-Xms)
#   Decrease number of Java threads
#   Decrease Java thread stack sizes (-Xss)
#   Set larger code cache with -XX:ReservedCodeCacheSize=
#   JVM is running with Zero Based Compressed Oops mode in which the Java heap is
#     placed in the first 32GB address space. The Java Heap base address is the
#     maximum limit for the native heap growth. Please use -XX:HeapBaseMinAddress
#     to set the Java Heap base and to place the Java Heap above 32GB virtual address.
# This output file may be truncated or incomplete.
#
#  Out of Memory Error (arena.cpp:195), pid=25028, tid=12024
#
# JRE version: OpenJDK Runtime Environment (16.0.1+9) (build 16.0.1+9-24)
# Java VM: OpenJDK 64-Bit Server VM (16.0.1+9-24, mixed mode, sharing, tiered, compressed oops, compressed class ptrs, g1 gc, windows-amd64)
# No core dump will be written. Minidumps are not enabled by default on client versions of Windows
#

---------------  S U M M A R Y ------------

Command Line: -Dmaven.multiModuleProjectDirectory=E:\nickb\Plugins\IntelJ Pluginprogrammierung\Falkenturm -Dmaven.home=C:\Program Files\JetBrains\IntelliJ IDEA Community Edition 2021.1\plugins\maven\lib\maven3 -Dclassworlds.conf=C:\Program Files\JetBrains\IntelliJ IDEA Community Edition 2021.1\plugins\maven\lib\maven3\bin\m2.conf -Dmaven.ext.class.path=C:\Program Files\JetBrains\IntelliJ IDEA Community Edition 2021.1\plugins\maven\lib\maven-event-listener.jar -javaagent:C:\Program Files\JetBrains\IntelliJ IDEA Community Edition 2021.1\lib\idea_rt.jar=56826:C:\Program Files\JetBrains\IntelliJ IDEA Community Edition 2021.1\bin -Dfile.encoding=UTF-8 org.codehaus.classworlds.Launcher -Didea.version=2021.1 clean

Host: AMD Ryzen 7 3700X 8-Core Processor             , 16 cores, 31G,  Windows 10 , 64 bit Build 19041 (10.0.19041.804)
Time: Thu Apr 22 19:50:45 2021 Mitteleuropäische Sommerzeit elapsed time: 0.291536 seconds (0d 0h 0m 0s)

---------------  T H R E A D  ---------------

Current thread (0x00000254b464b7b0):  JavaThread "C2 CompilerThread1" daemon [_thread_in_native, id=12024, stack(0x00000083b8600000,0x00000083b8700000)]


Current CompileTask:
C2:    291  925   !   4       jdk.internal.loader.URLClassPath$JarLoader::getResource (65 bytes)

Stack: [0x00000083b8600000,0x00000083b8700000]
Native frames: (J=compiled Java code, j=interpreted, Vv=VM code, C=native code)
V  [jvm.dll+0x6687ca]
V  [jvm.dll+0x7ca3c9]
V  [jvm.dll+0x7cbb53]
V  [jvm.dll+0x7cc1b3]
V  [jvm.dll+0x242ea5]
V  [jvm.dll+0xadeca]
V  [jvm.dll+0xae5ac]
V  [jvm.dll+0x35af27]
V  [jvm.dll+0x3253d1]
V  [jvm.dll+0x32487a]
V  [jvm.dll+0x215f3c]
V  [jvm.dll+0x215350]
V  [jvm.dll+0x1a1d9b]
V  [jvm.dll+0x2253a8]
V  [jvm.dll+0x2233ec]
V  [jvm.dll+0x780002]
V  [jvm.dll+0x779b4a]
V  [jvm.dll+0x667666]
C  [ucrtbase.dll+0x21bb2]
C  [KERNEL32.DLL+0x17034]
C  [ntdll.dll+0x52651]


---------------  P R O C E S S  ---------------

Threads class SMR info:
_java_thread_list=0x00000254b4989030, length=17, elements={
0x0000025486829230, 0x00000254b383acf0, 0x00000254b383bac0, 0x00000254b440c740,
0x00000254b440f060, 0x00000254b440f970, 0x00000254b4410690, 0x00000254b4414e90,
0x00000254b44182d0, 0x00000254b442b620, 0x00000254b451af20, 0x00000254b453cee0,
0x00000254b453d700, 0x00000254b4603300, 0x00000254b4603d30, 0x00000254b464b7b0,
0x00000254b4bd4be0
}

Java Threads: ( => current thread )
  0x0000025486829230 JavaThread "main" [_thread_in_Java, id=22844, stack(0x00000083b7000000,0x00000083b7100000)]
  0x00000254b383acf0 JavaThread "Reference Handler" daemon [_thread_blocked, id=23276, stack(0x00000083b7700000,0x00000083b7800000)]
  0x00000254b383bac0 JavaThread "Finalizer" daemon [_thread_blocked, id=19968, stack(0x00000083b7800000,0x00000083b7900000)]
  0x00000254b440c740 JavaThread "Signal Dispatcher" daemon [_thread_blocked, id=27176, stack(0x00000083b7900000,0x00000083b7a00000)]
  0x00000254b440f060 JavaThread "Attach Listener" daemon [_thread_blocked, id=13320, stack(0x00000083b7a00000,0x00000083b7b00000)]
  0x00000254b440f970 JavaThread "Service Thread" daemon [_thread_blocked, id=26796, stack(0x00000083b7b00000,0x00000083b7c00000)]
  0x00000254b4410690 JavaThread "Monitor Deflation Thread" daemon [_thread_blocked, id=3692, stack(0x00000083b7c00000,0x00000083b7d00000)]
  0x00000254b4414e90 JavaThread "C2 CompilerThread0" daemon [_thread_in_native, id=13724, stack(0x00000083b7d00000,0x00000083b7e00000)]
  0x00000254b44182d0 JavaThread "C1 CompilerThread0" daemon [_thread_blocked, id=28080, stack(0x00000083b7e00000,0x00000083b7f00000)]
  0x00000254b442b620 JavaThread "Sweeper thread" daemon [_thread_blocked, id=25244, stack(0x00000083b7f00000,0x00000083b8000000)]
  0x00000254b451af20 JavaThread "Common-Cleaner" daemon [_thread_blocked, id=27212, stack(0x00000083b8000000,0x00000083b8100000)]
  0x00000254b453cee0 JavaThread "C1 CompilerThread1" daemon [_thread_blocked, id=26700, stack(0x00000083b8100000,0x00000083b8200000)]
  0x00000254b453d700 JavaThread "C1 CompilerThread2" daemon [_thread_blocked, id=26600, stack(0x00000083b8200000,0x00000083b8300000)]
  0x00000254b4603300 JavaThread "Monitor Ctrl-Break" daemon [_thread_in_native, id=11796, stack(0x00000083b8300000,0x00000083b8400000)]
  0x00000254b4603d30 JavaThread "Notification Thread" daemon [_thread_blocked, id=13788, stack(0x00000083b8400000,0x00000083b8500000)]
=>0x00000254b464b7b0 JavaThread "C2 CompilerThread1" daemon [_thread_in_native, id=12024, stack(0x00000083b8600000,0x00000083b8700000)]
  0x00000254b4bd4be0 JavaThread "C1 CompilerThread3" daemon [_thread_blocked, id=19072, stack(0x00000083b8700000,0x00000083b8800000)]

Other Threads:
  0x00000254b3834180 VMThread "VM Thread" [stack: 0x00000083b7600000,0x00000083b7700000] [id=26848]
  0x000002548682a230 WatcherThread [stack: 0x00000083b8500000,0x00000083b8600000] [id=17720]
  0x00000254868a29f0 GCTaskThread "GC Thread#0" [stack: 0x00000083b7100000,0x00000083b7200000] [id=23076]
  0x00000254868b48d0 ConcurrentGCThread "G1 Main Marker" [stack: 0x00000083b7200000,0x00000083b7300000] [id=17320]
  0x00000254868b59f0 ConcurrentGCThread "G1 Conc#0" [stack: 0x00000083b7300000,0x00000083b7400000] [id=26028]
  0x000002548690e720 ConcurrentGCThread "G1 Refine#0" [stack: 0x00000083b7400000,0x00000083b7500000] [id=27752]
  0x00000254b36e9330 ConcurrentGCThread "G1 Service" [stack: 0x00000083b7500000,0x00000083b7600000] [id=12904]

Threads with active compile tasks:
C2 CompilerThread0      309 1010       4       java.io.WinNTFileSystem::normalize (143 bytes)
C2 CompilerThread1      309  925   !   4       jdk.internal.loader.URLClassPath$JarLoader::getResource (65 bytes)

VM state: not at safepoint (normal execution)

VM Mutex/Monitor currently owned by a thread:  ([mutex/lock_event])
[0x0000025486826940] AdapterHandlerLibrary_lock - owner thread: 0x0000000000000000

Heap address: 0x0000000601000000, size: 8176 MB, Compressed Oops mode: Zero based, Oop shift amount: 3

CDS archive(s) mapped at: [0x0000000800000000-0x0000000800bb0000-0x0000000800bb0000), size 12255232, SharedBaseAddress: 0x0000000800000000, ArchiveRelocationMode: 0.
Compressed class space mapped at: 0x0000000800c00000-0x0000000840c00000, reserved size: 1073741824
Narrow klass base: 0x0000000800000000, Narrow klass shift: 3, Narrow klass range: 0x100000000

GC Precious Log:
 CPUs: 16 total, 16 available
 Memory: 32689M
 Large Page Support: Disabled
 NUMA Support: Disabled
 Compressed Oops: Enabled (Zero based)
 Heap Region Size: 4M
 Heap Min Capacity: 8M
 Heap Initial Capacity: 512M
 Heap Max Capacity: 8176M
 Pre-touch: Disabled
 Parallel Workers: 13
 Concurrent Workers: 3
 Concurrent Refinement Workers: 13
 Periodic GC: Disabled

Heap:
 garbage-first heap   total 524288K, used 8192K [0x0000000601000000, 0x0000000800000000)
  region size 4096K, 4 young (16384K), 0 survivors (0K)
 Metaspace       used 4182K, committed 4288K, reserved 1056768K
  class space    used 402K, committed 448K, reserved 1048576K

Heap Regions: E=young(eden), S=young(survivor), O=old, HS=humongous(starts), HC=humongous(continues), CS=collection set, F=free, OA=open archive, CA=closed archive, TAMS=top-at-mark-start (previous, next)
|   0|0x0000000601000000, 0x0000000601000000, 0x0000000601400000|  0%| F|  |TAMS 0x0000000601000000, 0x0000000601000000| Untracked 
|   1|0x0000000601400000, 0x0000000601400000, 0x0000000601800000|  0%| F|  |TAMS 0x0000000601400000, 0x0000000601400000| Untracked 
|   2|0x0000000601800000, 0x0000000601800000, 0x0000000601c00000|  0%| F|  |TAMS 0x0000000601800000, 0x0000000601800000| Untracked 
|   3|0x0000000601c00000, 0x0000000601c00000, 0x0000000602000000|  0%| F|  |TAMS 0x0000000601c00000, 0x0000000601c00000| Untracked 
|   4|0x0000000602000000, 0x0000000602000000, 0x0000000602400000|  0%| F|  |TAMS 0x0000000602000000, 0x0000000602000000| Untracked 
|   5|0x0000000602400000, 0x0000000602400000, 0x0000000602800000|  0%| F|  |TAMS 0x0000000602400000, 0x0000000602400000| Untracked 
|   6|0x0000000602800000, 0x0000000602800000, 0x0000000602c00000|  0%| F|  |TAMS 0x0000000602800000, 0x0000000602800000| Untracked 
|   7|0x0000000602c00000, 0x0000000602c00000, 0x0000000603000000|  0%| F|  |TAMS 0x0000000602c00000, 0x0000000602c00000| Untracked 
|   8|0x0000000603000000, 0x0000000603000000, 0x0000000603400000|  0%| F|  |TAMS 0x0000000603000000, 0x0000000603000000| Untracked 
|   9|0x0000000603400000, 0x0000000603400000, 0x0000000603800000|  0%| F|  |TAMS 0x0000000603400000, 0x0000000603400000| Untracked 
|  10|0x0000000603800000, 0x0000000603800000, 0x0000000603c00000|  0%| F|  |TAMS 0x0000000603800000, 0x0000000603800000| Untracked 
|  11|0x0000000603c00000, 0x0000000603c00000, 0x0000000604000000|  0%| F|  |TAMS 0x0000000603c00000, 0x0000000603c00000| Untracked 
|  12|0x0000000604000000, 0x0000000604000000, 0x0000000604400000|  0%| F|  |TAMS 0x0000000604000000, 0x0000000604000000| Untracked 
|  13|0x0000000604400000, 0x0000000604400000, 0x0000000604800000|  0%| F|  |TAMS 0x0000000604400000, 0x0000000604400000| Untracked 
|  14|0x0000000604800000, 0x0000000604800000, 0x0000000604c00000|  0%| F|  |TAMS 0x0000000604800000, 0x0000000604800000| Untracked 
|  15|0x0000000604c00000, 0x0000000604c00000, 0x0000000605000000|  0%| F|  |TAMS 0x0000000604c00000, 0x0000000604c00000| Untracked 
|  16|0x0000000605000000, 0x0000000605000000, 0x0000000605400000|  0%| F|  |TAMS 0x0000000605000000, 0x0000000605000000| Untracked 
|  17|0x0000000605400000, 0x0000000605400000, 0x0000000605800000|  0%| F|  |TAMS 0x0000000605400000, 0x0000000605400000| Untracked 
|  18|0x0000000605800000, 0x0000000605800000, 0x0000000605c00000|  0%| F|  |TAMS 0x0000000605800000, 0x0000000605800000| Untracked 
|  19|0x0000000605c00000, 0x0000000605c00000, 0x0000000606000000|  0%| F|  |TAMS 0x0000000605c00000, 0x0000000605c00000| Untracked 
|  20|0x0000000606000000, 0x0000000606000000, 0x0000000606400000|  0%| F|  |TAMS 0x0000000606000000, 0x0000000606000000| Untracked 
|  21|0x0000000606400000, 0x0000000606400000, 0x0000000606800000|  0%| F|  |TAMS 0x0000000606400000, 0x0000000606400000| Untracked 
|  22|0x0000000606800000, 0x0000000606800000, 0x0000000606c00000|  0%| F|  |TAMS 0x0000000606800000, 0x0000000606800000| Untracked 
|  23|0x0000000606c00000, 0x0000000606c00000, 0x0000000607000000|  0%| F|  |TAMS 0x0000000606c00000, 0x0000000606c00000| Untracked 
|  24|0x0000000607000000, 0x0000000607000000, 0x0000000607400000|  0%| F|  |TAMS 0x0000000607000000, 0x0000000607000000| Untracked 
|  25|0x0000000607400000, 0x0000000607400000, 0x0000000607800000|  0%| F|  |TAMS 0x0000000607400000, 0x0000000607400000| Untracked 
|  26|0x0000000607800000, 0x0000000607800000, 0x0000000607c00000|  0%| F|  |TAMS 0x0000000607800000, 0x0000000607800000| Untracked 
|  27|0x0000000607c00000, 0x0000000607c00000, 0x0000000608000000|  0%| F|  |TAMS 0x0000000607c00000, 0x0000000607c00000| Untracked 
|  28|0x0000000608000000, 0x0000000608000000, 0x0000000608400000|  0%| F|  |TAMS 0x0000000608000000, 0x0000000608000000| Untracked 
|  29|0x0000000608400000, 0x0000000608400000, 0x0000000608800000|  0%| F|  |TAMS 0x0000000608400000, 0x0000000608400000| Untracked 
|  30|0x0000000608800000, 0x0000000608800000, 0x0000000608c00000|  0%| F|  |TAMS 0x0000000608800000, 0x0000000608800000| Untracked 
|  31|0x0000000608c00000, 0x0000000608c00000, 0x0000000609000000|  0%| F|  |TAMS 0x0000000608c00000, 0x0000000608c00000| Untracked 
|  32|0x0000000609000000, 0x0000000609000000, 0x0000000609400000|  0%| F|  |TAMS 0x0000000609000000, 0x0000000609000000| Untracked 
|  33|0x0000000609400000, 0x0000000609400000, 0x0000000609800000|  0%| F|  |TAMS 0x0000000609400000, 0x0000000609400000| Untracked 
|  34|0x0000000609800000, 0x0000000609800000, 0x0000000609c00000|  0%| F|  |TAMS 0x0000000609800000, 0x0000000609800000| Untracked 
|  35|0x0000000609c00000, 0x0000000609c00000, 0x000000060a000000|  0%| F|  |TAMS 0x0000000609c00000, 0x0000000609c00000| Untracked 
|  36|0x000000060a000000, 0x000000060a000000, 0x000000060a400000|  0%| F|  |TAMS 0x000000060a000000, 0x000000060a000000| Untracked 
|  37|0x000000060a400000, 0x000000060a400000, 0x000000060a800000|  0%| F|  |TAMS 0x000000060a400000, 0x000000060a400000| Untracked 
|  38|0x000000060a800000, 0x000000060a800000, 0x000000060ac00000|  0%| F|  |TAMS 0x000000060a800000, 0x000000060a800000| Untracked 
|  39|0x000000060ac00000, 0x000000060ac00000, 0x000000060b000000|  0%| F|  |TAMS 0x000000060ac00000, 0x000000060ac00000| Untracked 
|  40|0x000000060b000000, 0x000000060b000000, 0x000000060b400000|  0%| F|  |TAMS 0x000000060b000000, 0x000000060b000000| Untracked 
|  41|0x000000060b400000, 0x000000060b400000, 0x000000060b800000|  0%| F|  |TAMS 0x000000060b400000, 0x000000060b400000| Untracked 
|  42|0x000000060b800000, 0x000000060b800000, 0x000000060bc00000|  0%| F|  |TAMS 0x000000060b800000, 0x000000060b800000| Untracked 
|  43|0x000000060bc00000, 0x000000060bc00000, 0x000000060c000000|  0%| F|  |TAMS 0x000000060bc00000, 0x000000060bc00000| Untracked 
|  44|0x000000060c000000, 0x000000060c000000, 0x000000060c400000|  0%| F|  |TAMS 0x000000060c000000, 0x000000060c000000| Untracked 
|  45|0x000000060c400000, 0x000000060c400000, 0x000000060c800000|  0%| F|  |TAMS 0x000000060c400000, 0x000000060c400000| Untracked 
|  46|0x000000060c800000, 0x000000060c800000, 0x000000060cc00000|  0%| F|  |TAMS 0x000000060c800000, 0x000000060c800000| Untracked 
|  47|0x000000060cc00000, 0x000000060cc00000, 0x000000060d000000|  0%| F|  |TAMS 0x000000060cc00000, 0x000000060cc00000| Untracked 
|  48|0x000000060d000000, 0x000000060d000000, 0x000000060d400000|  0%| F|  |TAMS 0x000000060d000000, 0x000000060d000000| Untracked 
|  49|0x000000060d400000, 0x000000060d400000, 0x000000060d800000|  0%| F|  |TAMS 0x000000060d400000, 0x000000060d400000| Untracked 
|  50|0x000000060d800000, 0x000000060d800000, 0x000000060dc00000|  0%| F|  |TAMS 0x000000060d800000, 0x000000060d800000| Untracked 
|  51|0x000000060dc00000, 0x000000060dc00000, 0x000000060e000000|  0%| F|  |TAMS 0x000000060dc00000, 0x000000060dc00000| Untracked 
|  52|0x000000060e000000, 0x000000060e000000, 0x000000060e400000|  0%| F|  |TAMS 0x000000060e000000, 0x000000060e000000| Untracked 
|  53|0x000000060e400000, 0x000000060e400000, 0x000000060e800000|  0%| F|  |TAMS 0x000000060e400000, 0x000000060e400000| Untracked 
|  54|0x000000060e800000, 0x000000060e800000, 0x000000060ec00000|  0%| F|  |TAMS 0x000000060e800000, 0x000000060e800000| Untracked 
|  55|0x000000060ec00000, 0x000000060ec00000, 0x000000060f000000|  0%| F|  |TAMS 0x000000060ec00000, 0x000000060ec00000| Untracked 
|  56|0x000000060f000000, 0x000000060f000000, 0x000000060f400000|  0%| F|  |TAMS 0x000000060f000000, 0x000000060f000000| Untracked 
|  57|0x000000060f400000, 0x000000060f400000, 0x000000060f800000|  0%| F|  |TAMS 0x000000060f400000, 0x000000060f400000| Untracked 
|  58|0x000000060f800000, 0x000000060f800000, 0x000000060fc00000|  0%| F|  |TAMS 0x000000060f800000, 0x000000060f800000| Untracked 
|  59|0x000000060fc00000, 0x000000060fc00000, 0x0000000610000000|  0%| F|  |TAMS 0x000000060fc00000, 0x000000060fc00000| Untracked 
|  60|0x0000000610000000, 0x0000000610000000, 0x0000000610400000|  0%| F|  |TAMS 0x0000000610000000, 0x0000000610000000| Untracked 
|  61|0x0000000610400000, 0x0000000610400000, 0x0000000610800000|  0%| F|  |TAMS 0x0000000610400000, 0x0000000610400000| Untracked 
|  62|0x0000000610800000, 0x0000000610800000, 0x0000000610c00000|  0%| F|  |TAMS 0x0000000610800000, 0x0000000610800000| Untracked 
|  63|0x0000000610c00000, 0x0000000610c00000, 0x0000000611000000|  0%| F|  |TAMS 0x0000000610c00000, 0x0000000610c00000| Untracked 
|  64|0x0000000611000000, 0x0000000611000000, 0x0000000611400000|  0%| F|  |TAMS 0x0000000611000000, 0x0000000611000000| Untracked 
|  65|0x0000000611400000, 0x0000000611400000, 0x0000000611800000|  0%| F|  |TAMS 0x0000000611400000, 0x0000000611400000| Untracked 
|  66|0x0000000611800000, 0x0000000611800000, 0x0000000611c00000|  0%| F|  |TAMS 0x0000000611800000, 0x0000000611800000| Untracked 
|  67|0x0000000611c00000, 0x0000000611c00000, 0x0000000612000000|  0%| F|  |TAMS 0x0000000611c00000, 0x0000000611c00000| Untracked 
|  68|0x0000000612000000, 0x0000000612000000, 0x0000000612400000|  0%| F|  |TAMS 0x0000000612000000, 0x0000000612000000| Untracked 
|  69|0x0000000612400000, 0x0000000612400000, 0x0000000612800000|  0%| F|  |TAMS 0x0000000612400000, 0x0000000612400000| Untracked 
|  70|0x0000000612800000, 0x0000000612800000, 0x0000000612c00000|  0%| F|  |TAMS 0x0000000612800000, 0x0000000612800000| Untracked 
|  71|0x0000000612c00000, 0x0000000612c00000, 0x0000000613000000|  0%| F|  |TAMS 0x0000000612c00000, 0x0000000612c00000| Untracked 
|  72|0x0000000613000000, 0x0000000613000000, 0x0000000613400000|  0%| F|  |TAMS 0x0000000613000000, 0x0000000613000000| Untracked 
|  73|0x0000000613400000, 0x0000000613400000, 0x0000000613800000|  0%| F|  |TAMS 0x0000000613400000, 0x0000000613400000| Untracked 
|  74|0x0000000613800000, 0x0000000613800000, 0x0000000613c00000|  0%| F|  |TAMS 0x0000000613800000, 0x0000000613800000| Untracked 
|  75|0x0000000613c00000, 0x0000000613c00000, 0x0000000614000000|  0%| F|  |TAMS 0x0000000613c00000, 0x0000000613c00000| Untracked 
|  76|0x0000000614000000, 0x0000000614000000, 0x0000000614400000|  0%| F|  |TAMS 0x0000000614000000, 0x0000000614000000| Untracked 
|  77|0x0000000614400000, 0x0000000614400000, 0x0000000614800000|  0%| F|  |TAMS 0x0000000614400000, 0x0000000614400000| Untracked 
|  78|0x0000000614800000, 0x0000000614800000, 0x0000000614c00000|  0%| F|  |TAMS 0x0000000614800000, 0x0000000614800000| Untracked 
|  79|0x0000000614c00000, 0x0000000614c00000, 0x0000000615000000|  0%| F|  |TAMS 0x0000000614c00000, 0x0000000614c00000| Untracked 
|  80|0x0000000615000000, 0x0000000615000000, 0x0000000615400000|  0%| F|  |TAMS 0x0000000615000000, 0x0000000615000000| Untracked 
|  81|0x0000000615400000, 0x0000000615400000, 0x0000000615800000|  0%| F|  |TAMS 0x0000000615400000, 0x0000000615400000| Untracked 
|  82|0x0000000615800000, 0x0000000615800000, 0x0000000615c00000|  0%| F|  |TAMS 0x0000000615800000, 0x0000000615800000| Untracked 
|  83|0x0000000615c00000, 0x0000000615c00000, 0x0000000616000000|  0%| F|  |TAMS 0x0000000615c00000, 0x0000000615c00000| Untracked 
|  84|0x0000000616000000, 0x0000000616000000, 0x0000000616400000|  0%| F|  |TAMS 0x0000000616000000, 0x0000000616000000| Untracked 
|  85|0x0000000616400000, 0x0000000616400000, 0x0000000616800000|  0%| F|  |TAMS 0x0000000616400000, 0x0000000616400000| Untracked 
|  86|0x0000000616800000, 0x0000000616800000, 0x0000000616c00000|  0%| F|  |TAMS 0x0000000616800000, 0x0000000616800000| Untracked 
|  87|0x0000000616c00000, 0x0000000616c00000, 0x0000000617000000|  0%| F|  |TAMS 0x0000000616c00000, 0x0000000616c00000| Untracked 
|  88|0x0000000617000000, 0x0000000617000000, 0x0000000617400000|  0%| F|  |TAMS 0x0000000617000000, 0x0000000617000000| Untracked 
|  89|0x0000000617400000, 0x0000000617400000, 0x0000000617800000|  0%| F|  |TAMS 0x0000000617400000, 0x0000000617400000| Untracked 
|  90|0x0000000617800000, 0x0000000617800000, 0x0000000617c00000|  0%| F|  |TAMS 0x0000000617800000, 0x0000000617800000| Untracked 
|  91|0x0000000617c00000, 0x0000000617c00000, 0x0000000618000000|  0%| F|  |TAMS 0x0000000617c00000, 0x0000000617c00000| Untracked 
|  92|0x0000000618000000, 0x0000000618000000, 0x0000000618400000|  0%| F|  |TAMS 0x0000000618000000, 0x0000000618000000| Untracked 
|  93|0x0000000618400000, 0x0000000618400000, 0x0000000618800000|  0%| F|  |TAMS 0x0000000618400000, 0x0000000618400000| Untracked 
|  94|0x0000000618800000, 0x0000000618800000, 0x0000000618c00000|  0%| F|  |TAMS 0x0000000618800000, 0x0000000618800000| Untracked 
|  95|0x0000000618c00000, 0x0000000618c00000, 0x0000000619000000|  0%| F|  |TAMS 0x0000000618c00000, 0x0000000618c00000| Untracked 
|  96|0x0000000619000000, 0x0000000619000000, 0x0000000619400000|  0%| F|  |TAMS 0x0000000619000000, 0x0000000619000000| Untracked 
|  97|0x0000000619400000, 0x0000000619400000, 0x0000000619800000|  0%| F|  |TAMS 0x0000000619400000, 0x0000000619400000| Untracked 
|  98|0x0000000619800000, 0x0000000619800000, 0x0000000619c00000|  0%| F|  |TAMS 0x0000000619800000, 0x0000000619800000| Untracked 
|  99|0x0000000619c00000, 0x0000000619c00000, 0x000000061a000000|  0%| F|  |TAMS 0x0000000619c00000, 0x0000000619c00000| Untracked 
| 100|0x000000061a000000, 0x000000061a000000, 0x000000061a400000|  0%| F|  |TAMS 0x000000061a000000, 0x000000061a000000| Untracked 
| 101|0x000000061a400000, 0x000000061a400000, 0x000000061a800000|  0%| F|  |TAMS 0x000000061a400000, 0x000000061a400000| Untracked 
| 102|0x000000061a800000, 0x000000061a800000, 0x000000061ac00000|  0%| F|  |TAMS 0x000000061a800000, 0x000000061a800000| Untracked 
| 103|0x000000061ac00000, 0x000000061ac00000, 0x000000061b000000|  0%| F|  |TAMS 0x000000061ac00000, 0x000000061ac00000| Untracked 
| 104|0x000000061b000000, 0x000000061b000000, 0x000000061b400000|  0%| F|  |TAMS 0x000000061b000000, 0x000000061b000000| Untracked 
| 105|0x000000061b400000, 0x000000061b400000, 0x000000061b800000|  0%| F|  |TAMS 0x000000061b400000, 0x000000061b400000| Untracked 
| 106|0x000000061b800000, 0x000000061b800000, 0x000000061bc00000|  0%| F|  |TAMS 0x000000061b800000, 0x000000061b800000| Untracked 
| 107|0x000000061bc00000, 0x000000061bc00000, 0x000000061c000000|  0%| F|  |TAMS 0x000000061bc00000, 0x000000061bc00000| Untracked 
| 108|0x000000061c000000, 0x000000061c000000, 0x000000061c400000|  0%| F|  |TAMS 0x000000061c000000, 0x000000061c000000| Untracked 
| 109|0x000000061c400000, 0x000000061c400000, 0x000000061c800000|  0%| F|  |TAMS 0x000000061c400000, 0x000000061c400000| Untracked 
| 110|0x000000061c800000, 0x000000061c800000, 0x000000061cc00000|  0%| F|  |TAMS 0x000000061c800000, 0x000000061c800000| Untracked 
| 111|0x000000061cc00000, 0x000000061cc00000, 0x000000061d000000|  0%| F|  |TAMS 0x000000061cc00000, 0x000000061cc00000| Untracked 
| 112|0x000000061d000000, 0x000000061d000000, 0x000000061d400000|  0%| F|  |TAMS 0x000000061d000000, 0x000000061d000000| Untracked 
| 113|0x000000061d400000, 0x000000061d400000, 0x000000061d800000|  0%| F|  |TAMS 0x000000061d400000, 0x000000061d400000| Untracked 
| 114|0x000000061d800000, 0x000000061d800000, 0x000000061dc00000|  0%| F|  |TAMS 0x000000061d800000, 0x000000061d800000| Untracked 
| 115|0x000000061dc00000, 0x000000061dc00000, 0x000000061e000000|  0%| F|  |TAMS 0x000000061dc00000, 0x000000061dc00000| Untracked 
| 116|0x000000061e000000, 0x000000061e000000, 0x000000061e400000|  0%| F|  |TAMS 0x000000061e000000, 0x000000061e000000| Untracked 
| 117|0x000000061e400000, 0x000000061e400000, 0x000000061e800000|  0%| F|  |TAMS 0x000000061e400000, 0x000000061e400000| Untracked 
| 118|0x000000061e800000, 0x000000061e800000, 0x000000061ec00000|  0%| F|  |TAMS 0x000000061e800000, 0x000000061e800000| Untracked 
| 119|0x000000061ec00000, 0x000000061ec00000, 0x000000061f000000|  0%| F|  |TAMS 0x000000061ec00000, 0x000000061ec00000| Untracked 
| 120|0x000000061f000000, 0x000000061f000000, 0x000000061f400000|  0%| F|  |TAMS 0x000000061f000000, 0x000000061f000000| Untracked 
| 121|0x000000061f400000, 0x000000061f400000, 0x000000061f800000|  0%| F|  |TAMS 0x000000061f400000, 0x000000061f400000| Untracked 
| 122|0x000000061f800000, 0x000000061f800000, 0x000000061fc00000|  0%| F|  |TAMS 0x000000061f800000, 0x000000061f800000| Untracked 
| 123|0x000000061fc00000, 0x000000061fc00000, 0x0000000620000000|  0%| F|  |TAMS 0x000000061fc00000, 0x000000061fc00000| Untracked 
| 124|0x0000000620000000, 0x00000006203ed870, 0x0000000620400000| 98%| E|  |TAMS 0x0000000620000000, 0x0000000620000000| Complete 
| 125|0x0000000620400000, 0x0000000620800000, 0x0000000620800000|100%| E|CS|TAMS 0x0000000620400000, 0x0000000620400000| Complete 
| 126|0x0000000620800000, 0x0000000620c00000, 0x0000000620c00000|100%| E|CS|TAMS 0x0000000620800000, 0x0000000620800000| Complete 
| 127|0x0000000620c00000, 0x0000000621000000, 0x0000000621000000|100%| E|  |TAMS 0x0000000620c00000, 0x0000000620c00000| Complete 

Card table byte_map: [0x000002549e820000,0x000002549f820000] _byte_map_base: 0x000002549b818000

Marking Bits (Prev, Next): (CMBitMap*) 0x00000254868a3f80, (CMBitMap*) 0x00000254868a3fc0
 Prev Bits: [0x00000254a0820000, 0x00000254a87e0000)
 Next Bits: [0x00000254a87e0000, 0x00000254b07a0000)

Polling page: 0x00000254847e0000

Metaspace:

Usage:
  Non-class:      3.72 MB used.
      Class:    408.33 KB used.
       Both:      4.11 MB used.

Virtual space:
  Non-class space:        8.00 MB reserved,       3.81 MB ( 48%) committed,  1 nodes.
      Class space:        1.00 GB reserved,     448.00 KB ( <1%) committed,  1 nodes.
              Both:        1.01 GB reserved,       4.25 MB ( <1%) committed. 

Chunk freelists:
   Non-Class:  2.30 MB
       Class:  3.50 MB
        Both:  5.80 MB

MaxMetaspaceSize: 17179869184.00 GB
CompressedClassSpaceSize: 1.00 GB
 - commit_granule_bytes: 65536.
 - commit_granule_words: 8192.
 - virtual_space_node_default_size: 1048576.
 - enlarge_chunks_in_place: 1.
 - new_chunks_are_fully_committed: 0.
 - uncommit_free_chunks: 1.
 - use_allocation_guard: 0.
 - handle_deallocations: 1.


Internal statistics:

num_allocs_failed_limit: 0.
num_arena_births: 28.
num_arena_deaths: 0.
num_vsnodes_births: 2.
num_vsnodes_deaths: 0.
num_space_committed: 68.
num_space_uncommitted: 0.
num_chunks_returned_to_freelist: 0.
num_chunks_taken_from_freelist: 115.
num_chunk_merges: 0.
num_chunk_splits: 81.
num_chunks_enlarged: 67.
num_purges: 0.

CodeHeap 'non-profiled nmethods': size=119168Kb used=281Kb max_used=281Kb free=118886Kb
 bounds [0x0000025495b40000, 0x0000025495db0000, 0x000002549cfa0000]
CodeHeap 'profiled nmethods': size=119104Kb used=1996Kb max_used=1996Kb free=117107Kb
 bounds [0x000002548e6f0000, 0x000002548e960000, 0x0000025495b40000]
CodeHeap 'non-nmethods': size=7488Kb used=2856Kb max_used=2873Kb free=4631Kb
 bounds [0x000002548dfa0000, 0x000002548e280000, 0x000002548e6f0000]
 total_blobs=1468 nmethods=1010 adapters=368
 compilation: enabled
              stopped_count=0, restarted_count=0
 full_count=0

Compilation events (20 events):
Event: 0.286 Thread 0x00000254b453d700  972       3       java.util.zip.ZipFile::getZipEntry (322 bytes)
Event: 0.288 Thread 0x00000254b453d700 nmethod 972 0x000002548e8c9810 code [0x000002548e8c9c80, 0x000002548e8cc3f8]
Event: 0.290 Thread 0x00000254b453d700  973       3       org.codehaus.plexus.classworlds.realm.ClassRealm::getImportClassLoader (47 bytes)
Event: 0.290 Thread 0x00000254b453cee0  974       3       java.util.TreeSet::iterator (15 bytes)
Event: 0.290 Thread 0x00000254b4bd4be0  975       3       java.util.TreeMap::navigableKeySet (27 bytes)
Event: 0.290 Thread 0x00000254b44182d0  976       3       java.util.TreeMap$KeySet::iterator (32 bytes)
Event: 0.290 Thread 0x00000254b453cee0 nmethod 974 0x000002548e8cd290 code [0x000002548e8cd440, 0x000002548e8cd6f8]
Event: 0.290 Thread 0x00000254b453cee0  977       3       java.util.TreeMap::keyIterator (13 bytes)
Event: 0.290 Thread 0x00000254b453d700 nmethod 973 0x000002548e8cd810 code [0x000002548e8cda20, 0x000002548e8ce048]
Event: 0.290 Thread 0x00000254b453d700  978       3       java.util.TreeMap::getFirstEntry (26 bytes)
Event: 0.290 Thread 0x00000254b4bd4be0 nmethod 975 0x000002548e8ce210 code [0x000002548e8ce3e0, 0x000002548e8ce7f8]
Event: 0.290 Thread 0x00000254b4bd4be0  979       3       java.util.TreeMap$KeyIterator::<init> (12 bytes)
Event: 0.290 Thread 0x00000254b44182d0 nmethod 976 0x000002548e8ce990 code [0x000002548e8ceba0, 0x000002548e8cf3b8]
Event: 0.290 Thread 0x00000254b44182d0  980       3       java.util.TreeMap$PrivateEntryIterator::<init> (28 bytes)
Event: 0.290 Thread 0x00000254b453d700 nmethod 978 0x000002548e8cf610 code [0x000002548e8cf7c0, 0x000002548e8cf9b8]
Event: 0.290 Thread 0x00000254b453d700  981       3       java.util.TreeMap$PrivateEntryIterator::hasNext (13 bytes)
Event: 0.290 Thread 0x00000254b4bd4be0 nmethod 979 0x000002548e8cfa90 code [0x000002548e8cfc40, 0x000002548e8cff78]
Event: 0.290 Thread 0x00000254b44182d0 nmethod 980 0x000002548e8d0090 code [0x000002548e8d0240, 0x000002548e8d04b8]
Event: 0.290 Thread 0x00000254b453cee0 nmethod 977 0x000002548e8d0590 code [0x000002548e8d0760, 0x000002548e8d0cb8]
Event: 0.290 Thread 0x00000254b453d700 nmethod 981 0x000002548e8d0e90 code [0x000002548e8d1020, 0x000002548e8d1198]

GC Heap History (0 events):
No events

Deoptimization events (20 events):
Event: 0.112 Thread 0x0000025486829230 DEOPT PACKING pc=0x0000025495b4c950 sp=0x00000083b70fb6d0
Event: 0.112 Thread 0x0000025486829230 DEOPT UNPACKING pc=0x000002548dfed72e sp=0x00000083b70fb680 mode 2
Event: 0.213 Thread 0x0000025486829230 DEOPT PACKING pc=0x000002548e7662e5 sp=0x00000083b70fc410
Event: 0.213 Thread 0x0000025486829230 DEOPT UNPACKING pc=0x000002548dfedece sp=0x00000083b70fb860 mode 0
Event: 0.217 Thread 0x0000025486829230 DEOPT PACKING pc=0x000002548e7662e5 sp=0x00000083b70fcb50
Event: 0.217 Thread 0x0000025486829230 DEOPT UNPACKING pc=0x000002548dfedece sp=0x00000083b70fbfc8 mode 0
Event: 0.259 Thread 0x0000025486829230 Uncommon trap: trap_request=0xffffff45 fr.pc=0x0000025495b53b50 relative=0x0000000000000410
Event: 0.259 Thread 0x0000025486829230 Uncommon trap: reason=unstable_if action=reinterpret pc=0x0000025495b53b50 method=java.lang.StringLatin1.canEncode(I)Z @ 4 c2
Event: 0.259 Thread 0x0000025486829230 DEOPT PACKING pc=0x0000025495b53b50 sp=0x00000083b70fd740
Event: 0.259 Thread 0x0000025486829230 DEOPT UNPACKING pc=0x000002548dfed72e sp=0x00000083b70fd668 mode 2
Event: 0.259 Thread 0x0000025486829230 Uncommon trap: trap_request=0xffffff45 fr.pc=0x0000025495b54530 relative=0x00000000000003f0
Event: 0.259 Thread 0x0000025486829230 Uncommon trap: reason=unstable_if action=reinterpret pc=0x0000025495b54530 method=java.lang.AbstractStringBuilder.isLatin1()Z @ 10 c2
Event: 0.259 Thread 0x0000025486829230 DEOPT PACKING pc=0x0000025495b54530 sp=0x00000083b70fd750
Event: 0.259 Thread 0x0000025486829230 DEOPT UNPACKING pc=0x000002548dfed72e sp=0x00000083b70fd6d0 mode 2
Event: 0.261 Thread 0x0000025486829230 Uncommon trap: trap_request=0xffffff45 fr.pc=0x0000025495b53138 relative=0x0000000000000038
Event: 0.261 Thread 0x0000025486829230 Uncommon trap: reason=unstable_if action=reinterpret pc=0x0000025495b53138 method=java.lang.StringLatin1.canEncode(I)Z @ 4 c2
Event: 0.261 Thread 0x0000025486829230 DEOPT PACKING pc=0x0000025495b53138 sp=0x00000083b70fd6d0
Event: 0.261 Thread 0x0000025486829230 DEOPT UNPACKING pc=0x000002548dfed72e sp=0x00000083b70fd660 mode 2
Event: 0.276 Thread 0x0000025486829230 DEOPT PACKING pc=0x000002548e82b7d2 sp=0x00000083b70f9ae0
Event: 0.276 Thread 0x0000025486829230 DEOPT UNPACKING pc=0x000002548dfedece sp=0x00000083b70f8f30 mode 0

Classes unloaded (0 events):
No events

Classes redefined (0 events):
No events

Internal exceptions (6 events):
Event: 0.056 Thread 0x00000254b4603300 Exception <a 'java/lang/NoSuchMethodError'{0x0000000620eea688}: 'java.lang.Object java.lang.invoke.DirectMethodHandle$Holder.invokeStatic(java.lang.Object)'> (0x0000000620eea688) 
thrown [t:\workspace\open\src\hotspot\share\interpreter\linkResolver.cpp, line 790]
Event: 0.056 Thread 0x00000254b4603300 Exception <a 'java/lang/NoSuchMethodError'{0x0000000620eedf98}: 'java.lang.Object java.lang.invoke.DirectMethodHandle$Holder.invokeStaticInit(java.lang.Object)'> (0x0000000620eedf98) 
thrown [t:\workspace\open\src\hotspot\share\interpreter\linkResolver.cpp, line 790]
Event: 0.060 Thread 0x00000254b4603300 Exception <a 'java/lang/NoSuchMethodError'{0x0000000620efbca8}: 'void java.lang.invoke.DirectMethodHandle$Holder.invokeStatic(java.lang.Object, java.lang.Object)'> (0x0000000620efbca8) 
thrown [t:\workspace\open\src\hotspot\share\interpreter\linkResolver.cpp, line 790]
Event: 0.114 Thread 0x0000025486829230 Exception <a 'java/lang/NoSuchMethodError'{0x0000000620ab2e48}: 'java.lang.Object java.lang.invoke.DirectMethodHandle$Holder.invokeStaticInit(java.lang.Object, int, int, int, int)'> (0x0000000620ab2e48) 
thrown [t:\workspace\open\src\hotspot\share\interpreter\linkResolver.cpp, line 790]
Event: 0.150 Thread 0x0000025486829230 Exception <a 'java/lang/NoSuchMethodError'{0x0000000620b12fe0}: 'java.lang.Object java.lang.invoke.DirectMethodHandle$Holder.invokeStaticInit(java.lang.Object, java.lang.Object, int, int, int, int)'> (0x0000000620b12fe0) 
thrown [t:\workspace\open\src\hotspot\share\interpreter\linkResolver.cpp, line 790]
Event: 0.285 Thread 0x0000025486829230 Exception <a 'java/lang/NoSuchMethodError'{0x000000062018a608}: 'void java.lang.invoke.DirectMethodHandle$Holder.invokeSpecial(java.lang.Object, java.lang.Object, java.lang.Object)'> (0x000000062018a608) 
thrown [t:\workspace\open\src\hotspot\share\interpreter\linkResolver.cpp, line 790]

Events (20 events):
Event: 0.243 loading class java/util/zip/CRC32
Event: 0.243 loading class java/util/zip/Checksum
Event: 0.243 loading class java/util/zip/Checksum done
Event: 0.243 loading class java/util/zip/CRC32 done
Event: 0.243 loading class sun/util/calendar/ZoneInfoFile$Checksum done
Event: 0.243 loading class java/util/zip/Checksum$1
Event: 0.243 loading class java/util/zip/Checksum$1 done
Event: 0.245 loading class jdk/internal/module/ModulePatcher$PatchedModuleReader
Event: 0.245 loading class jdk/internal/module/ModulePatcher$PatchedModuleReader done
Event: 0.245 loading class sun/net/www/protocol/jrt/Handler
Event: 0.245 loading class sun/net/www/protocol/jrt/Handler done
Event: 0.253 Thread 0x00000254b4bd4be0 Thread added: 0x00000254b4bd4be0
Event: 0.258 loading class sun/text/resources/cldr/FormatData_en
Event: 0.258 loading class sun/text/resources/cldr/FormatData_en done
Event: 0.258 loading class sun/text/resources/cldr/FormatData_en_US
Event: 0.258 loading class sun/text/resources/cldr/FormatData_en_US done
Event: 0.275 loading class java/lang/ArrayIndexOutOfBoundsException
Event: 0.275 loading class java/lang/ArrayIndexOutOfBoundsException done
Event: 0.278 loading class java/io/FilterReader
Event: 0.278 loading class java/io/FilterReader done


Dynamic libraries:
0x00007ff7c97c0000 - 0x00007ff7c97ce000 	C:\Users\nickb\.jdks\openjdk-16.0.1\bin\java.exe
0x00007ff932fb0000 - 0x00007ff9331a5000 	C:\WINDOWS\SYSTEM32\ntdll.dll
0x00007ff931360000 - 0x00007ff93141d000 	C:\WINDOWS\System32\KERNEL32.DLL
0x00007ff930a00000 - 0x00007ff930cc9000 	C:\WINDOWS\System32\KERNELBASE.dll
0x00007ff9306f0000 - 0x00007ff9307f0000 	C:\WINDOWS\System32\ucrtbase.dll
0x00007ff903090000 - 0x00007ff9030a8000 	C:\Users\nickb\.jdks\openjdk-16.0.1\bin\jli.dll
0x00007ff905b00000 - 0x00007ff905b19000 	C:\Users\nickb\.jdks\openjdk-16.0.1\bin\VCRUNTIME140.dll
0x00007ff931420000 - 0x00007ff9315c0000 	C:\WINDOWS\System32\USER32.dll
0x00007ff914020000 - 0x00007ff9142ba000 	C:\WINDOWS\WinSxS\amd64_microsoft.windows.common-controls_6595b64144ccf1df_6.0.19041.844_none_ca00b6081b84eb1d\COMCTL32.dll
0x00007ff9309d0000 - 0x00007ff9309f2000 	C:\WINDOWS\System32\win32u.dll
0x00007ff931b10000 - 0x00007ff931b3a000 	C:\WINDOWS\System32\GDI32.dll
0x00007ff932870000 - 0x00007ff93290e000 	C:\WINDOWS\System32\msvcrt.dll
0x00007ff9308c0000 - 0x00007ff9309cb000 	C:\WINDOWS\System32\gdi32full.dll
0x00007ff9307f0000 - 0x00007ff93088d000 	C:\WINDOWS\System32\msvcp_win.dll
0x00007ff931e20000 - 0x00007ff931e50000 	C:\WINDOWS\System32\IMM32.DLL
0x00007ff911570000 - 0x00007ff91157c000 	C:\Users\nickb\.jdks\openjdk-16.0.1\bin\vcruntime140_1.dll
0x00007ff8df280000 - 0x00007ff8df311000 	C:\Users\nickb\.jdks\openjdk-16.0.1\bin\msvcp140.dll
0x00007ff8c7e00000 - 0x00007ff8c89ab000 	C:\Users\nickb\.jdks\openjdk-16.0.1\bin\server\jvm.dll
0x00007ff931ec0000 - 0x00007ff931f6c000 	C:\WINDOWS\System32\ADVAPI32.dll
0x00007ff9311f0000 - 0x00007ff93128c000 	C:\WINDOWS\System32\sechost.dll
0x00007ff9310c0000 - 0x00007ff9311eb000 	C:\WINDOWS\System32\RPCRT4.dll
0x00007ff9327a0000 - 0x00007ff9327a8000 	C:\WINDOWS\System32\PSAPI.DLL
0x00007ff92adc0000 - 0x00007ff92adc9000 	C:\WINDOWS\SYSTEM32\WSOCK32.dll
0x00007ff932d00000 - 0x00007ff932d6b000 	C:\WINDOWS\System32\WS2_32.dll
0x00007ff927870000 - 0x00007ff92787a000 	C:\WINDOWS\SYSTEM32\VERSION.dll
0x00007ff924a10000 - 0x00007ff924a37000 	C:\WINDOWS\SYSTEM32\WINMM.dll
0x00007ff92e670000 - 0x00007ff92e682000 	C:\WINDOWS\SYSTEM32\kernel.appcore.dll
0x00007ff910bb0000 - 0x00007ff910bba000 	C:\Users\nickb\.jdks\openjdk-16.0.1\bin\jimage.dll
0x00007ff9260b0000 - 0x00007ff926294000 	C:\WINDOWS\SYSTEM32\DBGHELP.DLL
0x00007ff91c460000 - 0x00007ff91c48c000 	C:\WINDOWS\SYSTEM32\dbgcore.DLL
0x00007ff930cd0000 - 0x00007ff930d50000 	C:\WINDOWS\System32\bcryptPrimitives.dll
0x00007ff9106c0000 - 0x00007ff9106ce000 	C:\Users\nickb\.jdks\openjdk-16.0.1\bin\instrument.dll
0x00007ff900ee0000 - 0x00007ff900f05000 	C:\Users\nickb\.jdks\openjdk-16.0.1\bin\java.dll
0x00007ff932050000 - 0x00007ff932792000 	C:\WINDOWS\System32\SHELL32.dll
0x00007ff92e870000 - 0x00007ff92f000000 	C:\WINDOWS\SYSTEM32\windows.storage.dll
0x00007ff9329a0000 - 0x00007ff932cf5000 	C:\WINDOWS\System32\combase.dll
0x00007ff930160000 - 0x00007ff93018c000 	C:\WINDOWS\SYSTEM32\Wldp.dll
0x00007ff932ec0000 - 0x00007ff932f6e000 	C:\WINDOWS\System32\SHCORE.dll
0x00007ff931e50000 - 0x00007ff931ea5000 	C:\WINDOWS\System32\shlwapi.dll
0x00007ff930630000 - 0x00007ff93064f000 	C:\WINDOWS\SYSTEM32\profapi.dll
0x00007ff903070000 - 0x00007ff903088000 	C:\Users\nickb\.jdks\openjdk-16.0.1\bin\zip.dll
0x00007ff900650000 - 0x00007ff900669000 	C:\Users\nickb\.jdks\openjdk-16.0.1\bin\net.dll
0x00007ff925cc0000 - 0x00007ff925dcc000 	C:\WINDOWS\SYSTEM32\WINHTTP.dll
0x00007ff92fee0000 - 0x00007ff92ff4a000 	C:\WINDOWS\system32\mswsock.dll
0x00007ff900630000 - 0x00007ff900643000 	C:\Users\nickb\.jdks\openjdk-16.0.1\bin\nio.dll
0x00007ff8ff890000 - 0x00007ff8ff8aa000 	C:\Program Files\JetBrains\IntelliJ IDEA Community Edition 2021.1\bin\breakgen64.dll
0x00007ff90e9f0000 - 0x00007ff90ea00000 	C:\Users\nickb\.jdks\openjdk-16.0.1\bin\verify.dll
0x00007ff9300c0000 - 0x00007ff9300d8000 	C:\WINDOWS\SYSTEM32\CRYPTSP.dll
0x00007ff92f800000 - 0x00007ff92f834000 	C:\WINDOWS\system32\rsaenh.dll
0x00007ff930890000 - 0x00007ff9308b7000 	C:\WINDOWS\System32\bcrypt.dll
0x00007ff9305b0000 - 0x00007ff9305de000 	C:\WINDOWS\SYSTEM32\USERENV.dll
0x00007ff9300b0000 - 0x00007ff9300bc000 	C:\WINDOWS\SYSTEM32\CRYPTBASE.dll
0x00007ff92fb80000 - 0x00007ff92fbbb000 	C:\WINDOWS\SYSTEM32\IPHLPAPI.DLL
0x00007ff931b40000 - 0x00007ff931b48000 	C:\WINDOWS\System32\NSI.dll
0x00007ff928960000 - 0x00007ff928977000 	C:\WINDOWS\SYSTEM32\dhcpcsvc6.DLL
0x00007ff928820000 - 0x00007ff92883d000 	C:\WINDOWS\SYSTEM32\dhcpcsvc.DLL
0x00007ff92fbd0000 - 0x00007ff92fc9b000 	C:\WINDOWS\SYSTEM32\DNSAPI.dll
0x00007ff90e1d0000 - 0x00007ff90e1da000 	C:\Users\nickb\AppData\Local\Temp\jansi-1.17.1-18306422391626891652.dll
0x00007ff90e040000 - 0x00007ff90e04a000 	C:\Users\nickb\AppData\Local\Temp\jansi-1.17.1-16310632638804105209.dll

dbghelp: loaded successfully - version: 4.0.5 - missing functions: none
symbol engine: initialized successfully - sym options: 0x614 - pdb path: .;C:\Users\nickb\.jdks\openjdk-16.0.1\bin;C:\WINDOWS\SYSTEM32;C:\WINDOWS\WinSxS\amd64_microsoft.windows.common-controls_6595b64144ccf1df_6.0.19041.844_none_ca00b6081b84eb1d;C:\Users\nickb\.jdks\openjdk-16.0.1\bin\server;C:\Program Files\JetBrains\IntelliJ IDEA Community Edition 2021.1\bin;C:\Users\nickb\AppData\Local\Temp

VM Arguments:
jvm_args: -Dmaven.multiModuleProjectDirectory=E:\nickb\Plugins\IntelJ Pluginprogrammierung\Falkenturm -Dmaven.home=C:\Program Files\JetBrains\IntelliJ IDEA Community Edition 2021.1\plugins\maven\lib\maven3 -Dclassworlds.conf=C:\Program Files\JetBrains\IntelliJ IDEA Community Edition 2021.1\plugins\maven\lib\maven3\bin\m2.conf -Dmaven.ext.class.path=C:\Program Files\JetBrains\IntelliJ IDEA Community Edition 2021.1\plugins\maven\lib\maven-event-listener.jar -javaagent:C:\Program Files\JetBrains\IntelliJ IDEA Community Edition 2021.1\lib\idea_rt.jar=56826:C:\Program Files\JetBrains\IntelliJ IDEA Community Edition 2021.1\bin -Dfile.encoding=UTF-8 
java_command: org.codehaus.classworlds.Launcher -Didea.version=2021.1 clean
java_class_path (initial): C:\Program Files\JetBrains\IntelliJ IDEA Community Edition 2021.1\plugins\maven\lib\maven3\boot\plexus-classworlds-2.6.0.jar;C:\Program Files\JetBrains\IntelliJ IDEA Community Edition 2021.1\plugins\maven\lib\maven3\boot\plexus-classworlds.license
Launcher Type: SUN_STANDARD

[Global flags]
     intx CICompilerCount                          = 12                                        {product} {ergonomic}
     uint ConcGCThreads                            = 3                                         {product} {ergonomic}
     uint G1ConcRefinementThreads                  = 13                                        {product} {ergonomic}
   size_t G1HeapRegionSize                         = 4194304                                   {product} {ergonomic}
    uintx GCDrainStackTargetSize                   = 64                                        {product} {ergonomic}
   size_t InitialHeapSize                          = 536870912                                 {product} {ergonomic}
   size_t MarkStackSize                            = 4194304                                   {product} {ergonomic}
   size_t MaxHeapSize                              = 8573157376                                {product} {ergonomic}
   size_t MaxNewSize                               = 5142216704                                {product} {ergonomic}
   size_t MinHeapDeltaBytes                        = 4194304                                   {product} {ergonomic}
   size_t MinHeapSize                              = 8388608                                   {product} {ergonomic}
    uintx NonNMethodCodeHeapSize                   = 7602480                                {pd product} {ergonomic}
    uintx NonProfiledCodeHeapSize                  = 122027880                              {pd product} {ergonomic}
    uintx ProfiledCodeHeapSize                     = 122027880                              {pd product} {ergonomic}
    uintx ReservedCodeCacheSize                    = 251658240                              {pd product} {ergonomic}
     bool SegmentedCodeCache                       = true                                      {product} {ergonomic}
   size_t SoftMaxHeapSize                          = 8573157376                             {manageable} {ergonomic}
     bool UseCompressedClassPointers               = true                           {product lp64_product} {ergonomic}
     bool UseCompressedOops                        = true                           {product lp64_product} {ergonomic}
     bool UseG1GC                                  = true                                      {product} {ergonomic}
     bool UseLargePagesIndividualAllocation        = false                                  {pd product} {ergonomic}

Logging:
Log output configuration:
 #0: stdout all=warning uptime,level,tags
 #1: stderr all=off uptime,level,tags

Environment Variables:
PATH=C:\Program Files (x86)\NVIDIA Corporation\PhysX\Common;C:\Program Files\Common Files\Oracle\Java\javapath;C:\Program Files (x86)\Common Files\Oracle\Java\javapath;C:\WINDOWS\system32;C:\WINDOWS;C:\WINDOWS\System32\Wbem;C:\WINDOWS\System32\WindowsPowerShell\v1.0\;C:\WINDOWS\System32\OpenSSH\;C:\Program Files\PuTTY\;;C:\Program Files\Process Lasso\;;C:\Program Files\WorldPainter;C:\Users\nickb\AppData\Local\Microsoft\WindowsApps;;C:\Program Files\JetBrains\IntelliJ IDEA Community Edition 2021.1\bin;
USERNAME=nickb
OS=Windows_NT
PROCESSOR_IDENTIFIER=AMD64 Family 23 Model 113 Stepping 0, AuthenticAMD



---------------  S Y S T E M  ---------------

OS:
 Windows 10 , 64 bit Build 19041 (10.0.19041.804)
OS uptime: 9 days 19:12 hours

CPU: total 16 (initial active 16) (16 cores per cpu, 2 threads per core) family 23 model 113 stepping 0 microcode 0x0, cx8, cmov, fxsr, ht, mmx, 3dnowpref, sse, sse2, sse3, ssse3, sse4a, sse4.1, sse4.2, popcnt, lzcnt, tsc, tscinvbit, avx, avx2, aes, clmul, bmi1, bmi2, adx, sha, fma, vzeroupper, clflush, clflushopt

Memory: 4k page, system-wide physical 32689M (644M free)
TotalPageFile size 49073M (AvailPageFile size 4M)
current process WorkingSet (physical memory assigned to process): 65M, peak: 65M
current process commit charge ("private bytes"): 635M, peak: 635M

vm_info: OpenJDK 64-Bit Server VM (16.0.1+9-24) for windows-amd64 JRE (16.0.1+9-24), built on Mar 26 2021 19:30:07 by "mach5one" with MS VC++ 16.7 (VS2019)

END.
